{"/Users/cedricaim/VScodeProjects/ironhack/chat-packer-server/api/services/accommodation.service.js": {"path":"/Users/cedricaim/VScodeProjects/ironhack/chat-packer-server/api/services/accommodation.service.js","statementMap":{"0":{"start":{"line":1,"column":24},"end":{"line":1,"column":61}},"1":{"start":{"line":5,"column":4},"end":{"line":8,"column":51}},"2":{"start":{"line":9,"column":4},"end":{"line":12,"column":6}},"3":{"start":{"line":16,"column":4},"end":{"line":42,"column":5}},"4":{"start":{"line":17,"column":21},"end":{"line":29,"column":7}},"5":{"start":{"line":30,"column":25},"end":{"line":30,"column":44}},"6":{"start":{"line":31,"column":6},"end":{"line":39,"column":80}},"7":{"start":{"line":33,"column":10},"end":{"line":33,"column":73}},"8":{"start":{"line":33,"column":64},"end":{"line":33,"column":73}},"9":{"start":{"line":34,"column":10},"end":{"line":34,"column":47}},"10":{"start":{"line":34,"column":38},"end":{"line":34,"column":47}},"11":{"start":{"line":35,"column":10},"end":{"line":35,"column":48}},"12":{"start":{"line":35,"column":38},"end":{"line":35,"column":48}},"13":{"start":{"line":36,"column":10},"end":{"line":36,"column":37}},"14":{"start":{"line":39,"column":38},"end":{"line":39,"column":78}},"15":{"start":{"line":41,"column":6},"end":{"line":41,"column":16}},"16":{"start":{"line":45,"column":0},"end":{"line":45,"column":37}}},"fnMap":{"0":{"name":"(anonymous_0)","decl":{"start":{"line":4,"column":2},"end":{"line":4,"column":3}},"loc":{"start":{"line":4,"column":16},"end":{"line":13,"column":3}},"line":4},"1":{"name":"(anonymous_1)","decl":{"start":{"line":15,"column":2},"end":{"line":15,"column":3}},"loc":{"start":{"line":15,"column":64},"end":{"line":43,"column":3}},"line":15},"2":{"name":"(anonymous_2)","decl":{"start":{"line":32,"column":14},"end":{"line":32,"column":15}},"loc":{"start":{"line":32,"column":24},"end":{"line":37,"column":9}},"line":32},"3":{"name":"(anonymous_3)","decl":{"start":{"line":39,"column":13},"end":{"line":39,"column":14}},"loc":{"start":{"line":39,"column":38},"end":{"line":39,"column":78}},"line":39}},"branchMap":{"0":{"loc":{"start":{"line":6,"column":6},"end":{"line":8,"column":50}},"type":"cond-expr","locations":[{"start":{"line":7,"column":10},"end":{"line":7,"column":55}},{"start":{"line":8,"column":10},"end":{"line":8,"column":50}}],"line":6},"1":{"loc":{"start":{"line":6,"column":6},"end":{"line":6,"column":52}},"type":"binary-expr","locations":[{"start":{"line":6,"column":6},"end":{"line":6,"column":22}},{"start":{"line":6,"column":26},"end":{"line":6,"column":52}}],"line":6},"2":{"loc":{"start":{"line":33,"column":10},"end":{"line":33,"column":73}},"type":"if","locations":[{"start":{"line":33,"column":10},"end":{"line":33,"column":73}},{"start":{},"end":{}}],"line":33},"3":{"loc":{"start":{"line":33,"column":14},"end":{"line":33,"column":62}},"type":"binary-expr","locations":[{"start":{"line":33,"column":14},"end":{"line":33,"column":36}},{"start":{"line":33,"column":40},"end":{"line":33,"column":62}}],"line":33},"4":{"loc":{"start":{"line":34,"column":10},"end":{"line":34,"column":47}},"type":"if","locations":[{"start":{"line":34,"column":10},"end":{"line":34,"column":47}},{"start":{},"end":{}}],"line":34},"5":{"loc":{"start":{"line":35,"column":10},"end":{"line":35,"column":48}},"type":"if","locations":[{"start":{"line":35,"column":10},"end":{"line":35,"column":48}},{"start":{},"end":{}}],"line":35}},"s":{"0":1,"1":3,"2":3,"3":4,"4":4,"5":3,"6":3,"7":18,"8":0,"9":18,"10":3,"11":15,"12":3,"13":12,"14":15,"15":1,"16":1},"f":{"0":3,"1":4,"2":18,"3":15},"b":{"0":[0,3],"1":[3,0],"2":[0,18],"3":[18,3],"4":[3,15],"5":[3,12]},"_coverageSchema":"1a1c01bbd47fc00a2c39e90264f33305004495a9","hash":"9e55ed05dd545d9e7a0ebc755757873dc7713be0"}
,"/Users/cedricaim/VScodeProjects/ironhack/chat-packer-server/api/services/flight.service.js": {"path":"/Users/cedricaim/VScodeProjects/ironhack/chat-packer-server/api/services/flight.service.js","statementMap":{"0":{"start":{"line":1,"column":21},"end":{"line":1,"column":55}},"1":{"start":{"line":5,"column":4},"end":{"line":8,"column":45}},"2":{"start":{"line":9,"column":4},"end":{"line":12,"column":6}},"3":{"start":{"line":16,"column":4},"end":{"line":43,"column":5}},"4":{"start":{"line":17,"column":22},"end":{"line":26,"column":10}},"5":{"start":{"line":27,"column":22},"end":{"line":30,"column":7}},"6":{"start":{"line":32,"column":19},"end":{"line":32,"column":48}},"7":{"start":{"line":33,"column":6},"end":{"line":35,"column":9}},"8":{"start":{"line":34,"column":8},"end":{"line":34,"column":69}},"9":{"start":{"line":36,"column":6},"end":{"line":36,"column":45}},"10":{"start":{"line":37,"column":25},"end":{"line":37,"column":44}},"11":{"start":{"line":38,"column":6},"end":{"line":40,"column":8}},"12":{"start":{"line":39,"column":30},"end":{"line":39,"column":64}},"13":{"start":{"line":42,"column":6},"end":{"line":42,"column":16}},"14":{"start":{"line":46,"column":0},"end":{"line":46,"column":31}}},"fnMap":{"0":{"name":"(anonymous_0)","decl":{"start":{"line":4,"column":2},"end":{"line":4,"column":3}},"loc":{"start":{"line":4,"column":16},"end":{"line":13,"column":3}},"line":4},"1":{"name":"(anonymous_1)","decl":{"start":{"line":15,"column":2},"end":{"line":15,"column":3}},"loc":{"start":{"line":15,"column":85},"end":{"line":44,"column":3}},"line":15},"2":{"name":"(anonymous_2)","decl":{"start":{"line":33,"column":24},"end":{"line":33,"column":25}},"loc":{"start":{"line":33,"column":37},"end":{"line":35,"column":7}},"line":33},"3":{"name":"(anonymous_3)","decl":{"start":{"line":39,"column":8},"end":{"line":39,"column":9}},"loc":{"start":{"line":39,"column":30},"end":{"line":39,"column":64}},"line":39}},"branchMap":{"0":{"loc":{"start":{"line":6,"column":6},"end":{"line":8,"column":44}},"type":"cond-expr","locations":[{"start":{"line":7,"column":10},"end":{"line":7,"column":49}},{"start":{"line":8,"column":10},"end":{"line":8,"column":44}}],"line":6},"1":{"loc":{"start":{"line":6,"column":6},"end":{"line":6,"column":52}},"type":"binary-expr","locations":[{"start":{"line":6,"column":6},"end":{"line":6,"column":22}},{"start":{"line":6,"column":26},"end":{"line":6,"column":52}}],"line":6}},"s":{"0":1,"1":3,"2":3,"3":3,"4":3,"5":3,"6":3,"7":2,"8":2,"9":2,"10":2,"11":2,"12":6,"13":1,"14":1},"f":{"0":3,"1":3,"2":2,"3":6},"b":{"0":[0,3],"1":[3,0]},"_coverageSchema":"1a1c01bbd47fc00a2c39e90264f33305004495a9","hash":"8df5c867680b8facb66d341200283307de31ee81"}
,"/Users/cedricaim/VScodeProjects/ironhack/chat-packer-server/api/services/photo.service.js": {"path":"/Users/cedricaim/VScodeProjects/ironhack/chat-packer-server/api/services/photo.service.js","statementMap":{"0":{"start":{"line":1,"column":22},"end":{"line":1,"column":44}},"1":{"start":{"line":5,"column":4},"end":{"line":7,"column":7}},"2":{"start":{"line":11,"column":4},"end":{"line":16,"column":5}},"3":{"start":{"line":12,"column":21},"end":{"line":12,"column":94}},"4":{"start":{"line":13,"column":6},"end":{"line":13,"column":51}},"5":{"start":{"line":15,"column":6},"end":{"line":15,"column":16}},"6":{"start":{"line":20,"column":0},"end":{"line":20,"column":30}}},"fnMap":{"0":{"name":"(anonymous_0)","decl":{"start":{"line":4,"column":2},"end":{"line":4,"column":3}},"loc":{"start":{"line":4,"column":16},"end":{"line":8,"column":3}},"line":4},"1":{"name":"(anonymous_1)","decl":{"start":{"line":10,"column":2},"end":{"line":10,"column":3}},"loc":{"start":{"line":10,"column":30},"end":{"line":17,"column":3}},"line":10}},"branchMap":{},"s":{"0":1,"1":2,"2":2,"3":2,"4":1,"5":1,"6":1},"f":{"0":2,"1":2},"b":{},"_coverageSchema":"1a1c01bbd47fc00a2c39e90264f33305004495a9","hash":"1707f51030c2b9eddb184a279036db770bbfc469"}
,"/Users/cedricaim/VScodeProjects/ironhack/chat-packer-server/dto/accomodation.dto.js": {"path":"/Users/cedricaim/VScodeProjects/ironhack/chat-packer-server/dto/accomodation.dto.js","statementMap":{"0":{"start":{"line":3,"column":4},"end":{"line":3,"column":37}},"1":{"start":{"line":4,"column":4},"end":{"line":4,"column":39}},"2":{"start":{"line":5,"column":4},"end":{"line":5,"column":49}},"3":{"start":{"line":6,"column":4},"end":{"line":6,"column":41}},"4":{"start":{"line":7,"column":4},"end":{"line":7,"column":41}},"5":{"start":{"line":8,"column":4},"end":{"line":8,"column":57}},"6":{"start":{"line":9,"column":4},"end":{"line":9,"column":45}},"7":{"start":{"line":10,"column":4},"end":{"line":13,"column":6}},"8":{"start":{"line":16,"column":0},"end":{"line":16,"column":33}}},"fnMap":{"0":{"name":"(anonymous_0)","decl":{"start":{"line":2,"column":2},"end":{"line":2,"column":3}},"loc":{"start":{"line":2,"column":35},"end":{"line":14,"column":3}},"line":2}},"branchMap":{},"s":{"0":20,"1":20,"2":20,"3":20,"4":20,"5":20,"6":20,"7":20,"8":1},"f":{"0":20},"b":{},"_coverageSchema":"1a1c01bbd47fc00a2c39e90264f33305004495a9","hash":"a31a8fe3d20ab240fdff0a287d031f80ca98d70e"}
,"/Users/cedricaim/VScodeProjects/ironhack/chat-packer-server/dto/itinerary.dto.js": {"path":"/Users/cedricaim/VScodeProjects/ironhack/chat-packer-server/dto/itinerary.dto.js","statementMap":{"0":{"start":{"line":1,"column":75},"end":{"line":1,"column":99}},"1":{"start":{"line":5,"column":4},"end":{"line":5,"column":34}},"2":{"start":{"line":6,"column":4},"end":{"line":8,"column":57}},"3":{"start":{"line":8,"column":28},"end":{"line":8,"column":55}},"4":{"start":{"line":14,"column":4},"end":{"line":14,"column":35}},"5":{"start":{"line":15,"column":4},"end":{"line":15,"column":45}},"6":{"start":{"line":16,"column":4},"end":{"line":16,"column":47}},"7":{"start":{"line":17,"column":4},"end":{"line":17,"column":80}},"8":{"start":{"line":17,"column":59},"end":{"line":17,"column":78}},"9":{"start":{"line":23,"column":4},"end":{"line":23,"column":28}},"10":{"start":{"line":24,"column":4},"end":{"line":28,"column":6}},"11":{"start":{"line":29,"column":4},"end":{"line":33,"column":6}},"12":{"start":{"line":34,"column":4},"end":{"line":34,"column":42}},"13":{"start":{"line":35,"column":4},"end":{"line":35,"column":68}},"14":{"start":{"line":36,"column":4},"end":{"line":36,"column":59}},"15":{"start":{"line":37,"column":4},"end":{"line":37,"column":55}},"16":{"start":{"line":38,"column":4},"end":{"line":38,"column":64}},"17":{"start":{"line":43,"column":4},"end":{"line":43,"column":52}},"18":{"start":{"line":44,"column":4},"end":{"line":44,"column":49}},"19":{"start":{"line":49,"column":4},"end":{"line":49,"column":17}},"20":{"start":{"line":50,"column":4},"end":{"line":50,"column":21}},"21":{"start":{"line":51,"column":4},"end":{"line":51,"column":35}},"22":{"start":{"line":54,"column":0},"end":{"line":54,"column":30}}},"fnMap":{"0":{"name":"(anonymous_0)","decl":{"start":{"line":4,"column":2},"end":{"line":4,"column":3}},"loc":{"start":{"line":4,"column":32},"end":{"line":9,"column":3}},"line":4},"1":{"name":"(anonymous_1)","decl":{"start":{"line":8,"column":11},"end":{"line":8,"column":12}},"loc":{"start":{"line":8,"column":28},"end":{"line":8,"column":55}},"line":8},"2":{"name":"(anonymous_2)","decl":{"start":{"line":13,"column":2},"end":{"line":13,"column":3}},"loc":{"start":{"line":13,"column":33},"end":{"line":18,"column":3}},"line":13},"3":{"name":"(anonymous_3)","decl":{"start":{"line":17,"column":43},"end":{"line":17,"column":44}},"loc":{"start":{"line":17,"column":59},"end":{"line":17,"column":78}},"line":17},"4":{"name":"(anonymous_4)","decl":{"start":{"line":22,"column":2},"end":{"line":22,"column":3}},"loc":{"start":{"line":22,"column":26},"end":{"line":39,"column":3}},"line":22},"5":{"name":"(anonymous_5)","decl":{"start":{"line":42,"column":2},"end":{"line":42,"column":3}},"loc":{"start":{"line":42,"column":27},"end":{"line":45,"column":3}},"line":42},"6":{"name":"(anonymous_6)","decl":{"start":{"line":48,"column":2},"end":{"line":48,"column":3}},"loc":{"start":{"line":48,"column":37},"end":{"line":52,"column":3}},"line":48}},"branchMap":{},"s":{"0":1,"1":6,"2":6,"3":6,"4":6,"5":6,"6":6,"7":6,"8":12,"9":12,"10":12,"11":12,"12":12,"13":12,"14":12,"15":12,"16":12,"17":24,"18":24,"19":24,"20":24,"21":24,"22":1},"f":{"0":6,"1":6,"2":6,"3":12,"4":12,"5":24,"6":24},"b":{},"_coverageSchema":"1a1c01bbd47fc00a2c39e90264f33305004495a9","hash":"3cffade7fcea25bb0c03fc6511ccc37e210e4906"}
,"/Users/cedricaim/VScodeProjects/ironhack/chat-packer-server/models/User.model.js": {"path":"/Users/cedricaim/VScodeProjects/ironhack/chat-packer-server/models/User.model.js","statementMap":{"0":{"start":{"line":1,"column":26},"end":{"line":1,"column":45}},"1":{"start":{"line":2,"column":15},"end":{"line":2,"column":32}},"2":{"start":{"line":4,"column":19},"end":{"line":29,"column":1}},"3":{"start":{"line":31,"column":0},"end":{"line":36,"column":3}},"4":{"start":{"line":32,"column":2},"end":{"line":34,"column":3}},"5":{"start":{"line":33,"column":4},"end":{"line":33,"column":86}},"6":{"start":{"line":35,"column":2},"end":{"line":35,"column":9}},"7":{"start":{"line":38,"column":13},"end":{"line":38,"column":38}},"8":{"start":{"line":40,"column":0},"end":{"line":40,"column":22}}},"fnMap":{"0":{"name":"(anonymous_0)","decl":{"start":{"line":31,"column":23},"end":{"line":31,"column":24}},"loc":{"start":{"line":31,"column":45},"end":{"line":36,"column":1}},"line":31}},"branchMap":{"0":{"loc":{"start":{"line":32,"column":2},"end":{"line":34,"column":3}},"type":"if","locations":[{"start":{"line":32,"column":2},"end":{"line":34,"column":3}},{"start":{},"end":{}}],"line":32}},"s":{"0":2,"1":2,"2":2,"3":2,"4":5,"5":4,"6":5,"7":2,"8":2},"f":{"0":5},"b":{"0":[4,1]},"_coverageSchema":"1a1c01bbd47fc00a2c39e90264f33305004495a9","hash":"8ce546e41273670ea592bbb5f2ac2dc83373d0ef"}
,"/Users/cedricaim/VScodeProjects/ironhack/chat-packer-server/services/mongoose.service.js": {"path":"/Users/cedricaim/VScodeProjects/ironhack/chat-packer-server/services/mongoose.service.js","statementMap":{"0":{"start":{"line":3,"column":4},"end":{"line":3,"column":23}},"1":{"start":{"line":7,"column":4},"end":{"line":7,"column":35}},"2":{"start":{"line":11,"column":4},"end":{"line":11,"column":51}},"3":{"start":{"line":15,"column":4},"end":{"line":15,"column":56}},"4":{"start":{"line":19,"column":4},"end":{"line":19,"column":42}},"5":{"start":{"line":23,"column":4},"end":{"line":23,"column":68}},"6":{"start":{"line":27,"column":4},"end":{"line":27,"column":42}},"7":{"start":{"line":31,"column":4},"end":{"line":31,"column":66}},"8":{"start":{"line":35,"column":0},"end":{"line":35,"column":33}}},"fnMap":{"0":{"name":"(anonymous_0)","decl":{"start":{"line":2,"column":2},"end":{"line":2,"column":3}},"loc":{"start":{"line":2,"column":21},"end":{"line":4,"column":3}},"line":2},"1":{"name":"(anonymous_1)","decl":{"start":{"line":6,"column":2},"end":{"line":6,"column":3}},"loc":{"start":{"line":6,"column":15},"end":{"line":8,"column":3}},"line":6},"2":{"name":"(anonymous_2)","decl":{"start":{"line":10,"column":2},"end":{"line":10,"column":3}},"loc":{"start":{"line":10,"column":13},"end":{"line":12,"column":3}},"line":10},"3":{"name":"(anonymous_3)","decl":{"start":{"line":14,"column":2},"end":{"line":14,"column":3}},"loc":{"start":{"line":14,"column":29},"end":{"line":16,"column":3}},"line":14},"4":{"name":"(anonymous_4)","decl":{"start":{"line":18,"column":2},"end":{"line":18,"column":3}},"loc":{"start":{"line":18,"column":15},"end":{"line":20,"column":3}},"line":18},"5":{"name":"(anonymous_5)","decl":{"start":{"line":22,"column":2},"end":{"line":22,"column":3}},"loc":{"start":{"line":22,"column":57},"end":{"line":24,"column":3}},"line":22},"6":{"name":"(anonymous_6)","decl":{"start":{"line":26,"column":2},"end":{"line":26,"column":3}},"loc":{"start":{"line":26,"column":15},"end":{"line":28,"column":3}},"line":26},"7":{"name":"(anonymous_7)","decl":{"start":{"line":30,"column":2},"end":{"line":30,"column":3}},"loc":{"start":{"line":30,"column":44},"end":{"line":32,"column":3}},"line":30}},"branchMap":{"0":{"loc":{"start":{"line":22,"column":32},"end":{"line":22,"column":55}},"type":"default-arg","locations":[{"start":{"line":22,"column":42},"end":{"line":22,"column":55}}],"line":22},"1":{"loc":{"start":{"line":30,"column":19},"end":{"line":30,"column":42}},"type":"default-arg","locations":[{"start":{"line":30,"column":29},"end":{"line":30,"column":42}}],"line":30}},"s":{"0":1,"1":1,"2":1,"3":1,"4":2,"5":1,"6":1,"7":1,"8":2},"f":{"0":1,"1":1,"2":1,"3":1,"4":2,"5":1,"6":1,"7":1},"b":{"0":[1],"1":[1]},"_coverageSchema":"1a1c01bbd47fc00a2c39e90264f33305004495a9","hash":"66865ec722719033d6b92480baef523da0e9c618"}
,"/Users/cedricaim/VScodeProjects/ironhack/chat-packer-server/services/user.service.js": {"path":"/Users/cedricaim/VScodeProjects/ironhack/chat-packer-server/services/user.service.js","statementMap":{"0":{"start":{"line":1,"column":18},"end":{"line":1,"column":49}},"1":{"start":{"line":2,"column":24},"end":{"line":2,"column":63}},"2":{"start":{"line":6,"column":4},"end":{"line":6,"column":58}},"3":{"start":{"line":10,"column":4},"end":{"line":14,"column":5}},"4":{"start":{"line":11,"column":6},"end":{"line":11,"column":82}},"5":{"start":{"line":13,"column":6},"end":{"line":13,"column":16}},"6":{"start":{"line":18,"column":4},"end":{"line":22,"column":5}},"7":{"start":{"line":19,"column":6},"end":{"line":19,"column":78}},"8":{"start":{"line":21,"column":6},"end":{"line":21,"column":16}},"9":{"start":{"line":26,"column":4},"end":{"line":30,"column":5}},"10":{"start":{"line":27,"column":6},"end":{"line":27,"column":59}},"11":{"start":{"line":29,"column":6},"end":{"line":29,"column":16}},"12":{"start":{"line":34,"column":0},"end":{"line":34,"column":29}}},"fnMap":{"0":{"name":"(anonymous_0)","decl":{"start":{"line":5,"column":2},"end":{"line":5,"column":3}},"loc":{"start":{"line":5,"column":16},"end":{"line":7,"column":3}},"line":5},"1":{"name":"(anonymous_1)","decl":{"start":{"line":9,"column":2},"end":{"line":9,"column":3}},"loc":{"start":{"line":9,"column":42},"end":{"line":15,"column":3}},"line":9},"2":{"name":"(anonymous_2)","decl":{"start":{"line":17,"column":2},"end":{"line":17,"column":3}},"loc":{"start":{"line":17,"column":46},"end":{"line":23,"column":3}},"line":17},"3":{"name":"(anonymous_3)","decl":{"start":{"line":25,"column":2},"end":{"line":25,"column":3}},"loc":{"start":{"line":25,"column":30},"end":{"line":31,"column":3}},"line":25}},"branchMap":{},"s":{"0":1,"1":1,"2":1,"3":3,"4":3,"5":1,"6":2,"7":2,"8":1,"9":2,"10":2,"11":1,"12":1},"f":{"0":1,"1":3,"2":2,"3":2},"b":{},"_coverageSchema":"1a1c01bbd47fc00a2c39e90264f33305004495a9","hash":"67bf8f7c30227cc76cf34cd29e12c38f601440bd"}
,"/Users/cedricaim/VScodeProjects/ironhack/chat-packer-server/utils/time.js": {"path":"/Users/cedricaim/VScodeProjects/ironhack/chat-packer-server/utils/time.js","statementMap":{"0":{"start":{"line":2,"column":16},"end":{"line":2,"column":45}},"1":{"start":{"line":3,"column":18},"end":{"line":3,"column":35}},"2":{"start":{"line":5,"column":2},"end":{"line":5,"column":59}},"3":{"start":{"line":9,"column":15},"end":{"line":9,"column":35}},"4":{"start":{"line":10,"column":16},"end":{"line":10,"column":56}},"5":{"start":{"line":11,"column":18},"end":{"line":11,"column":60}},"6":{"start":{"line":12,"column":2},"end":{"line":12,"column":31}},"7":{"start":{"line":16,"column":15},"end":{"line":16,"column":35}},"8":{"start":{"line":17,"column":15},"end":{"line":17,"column":33}},"9":{"start":{"line":18,"column":16},"end":{"line":18,"column":60}},"10":{"start":{"line":19,"column":14},"end":{"line":19,"column":53}},"11":{"start":{"line":20,"column":2},"end":{"line":20,"column":35}},"12":{"start":{"line":23,"column":0},"end":{"line":23,"column":84}}},"fnMap":{"0":{"name":"toHoursAndMinutes","decl":{"start":{"line":1,"column":9},"end":{"line":1,"column":26}},"loc":{"start":{"line":1,"column":41},"end":{"line":6,"column":1}},"line":1},"1":{"name":"extractHoursAndMinutes","decl":{"start":{"line":8,"column":9},"end":{"line":8,"column":31}},"loc":{"start":{"line":8,"column":44},"end":{"line":13,"column":1}},"line":8},"2":{"name":"extractYearMonthDay","decl":{"start":{"line":15,"column":9},"end":{"line":15,"column":28}},"loc":{"start":{"line":15,"column":41},"end":{"line":21,"column":1}},"line":15}},"branchMap":{},"s":{"0":13,"1":13,"2":13,"3":25,"4":25,"5":25,"6":25,"7":25,"8":25,"9":25,"10":25,"11":25,"12":2},"f":{"0":13,"1":25,"2":25},"b":{},"_coverageSchema":"1a1c01bbd47fc00a2c39e90264f33305004495a9","hash":"ee75e23150c3cb1fb059cd7d4c2d18b34cef0e01"}
,"/Users/cedricaim/VScodeProjects/ironhack/chat-packer-server/validators/auth.validators.js": {"path":"/Users/cedricaim/VScodeProjects/ironhack/chat-packer-server/validators/auth.validators.js","statementMap":{"0":{"start":{"line":3,"column":4},"end":{"line":5,"column":5}},"1":{"start":{"line":4,"column":6},"end":{"line":4,"column":81}},"2":{"start":{"line":8,"column":23},"end":{"line":8,"column":54}},"3":{"start":{"line":9,"column":4},"end":{"line":11,"column":5}},"4":{"start":{"line":10,"column":6},"end":{"line":10,"column":75}},"5":{"start":{"line":14,"column":26},"end":{"line":14,"column":63}},"6":{"start":{"line":15,"column":4},"end":{"line":21,"column":5}},"7":{"start":{"line":16,"column":6},"end":{"line":20,"column":8}},"8":{"start":{"line":22,"column":4},"end":{"line":22,"column":29}},"9":{"start":{"line":26,"column":4},"end":{"line":28,"column":5}},"10":{"start":{"line":27,"column":6},"end":{"line":27,"column":72}},"11":{"start":{"line":29,"column":4},"end":{"line":29,"column":29}},"12":{"start":{"line":32,"column":0},"end":{"line":32,"column":31}}},"fnMap":{"0":{"name":"(anonymous_0)","decl":{"start":{"line":2,"column":2},"end":{"line":2,"column":3}},"loc":{"start":{"line":2,"column":51},"end":{"line":23,"column":3}},"line":2},"1":{"name":"(anonymous_1)","decl":{"start":{"line":25,"column":2},"end":{"line":25,"column":3}},"loc":{"start":{"line":25,"column":40},"end":{"line":30,"column":3}},"line":25}},"branchMap":{"0":{"loc":{"start":{"line":3,"column":4},"end":{"line":5,"column":5}},"type":"if","locations":[{"start":{"line":3,"column":4},"end":{"line":5,"column":5}},{"start":{},"end":{}}],"line":3},"1":{"loc":{"start":{"line":3,"column":8},"end":{"line":3,"column":94}},"type":"binary-expr","locations":[{"start":{"line":3,"column":8},"end":{"line":3,"column":14}},{"start":{"line":3,"column":18},"end":{"line":3,"column":30}},{"start":{"line":3,"column":34},"end":{"line":3,"column":43}},{"start":{"line":3,"column":47},"end":{"line":3,"column":62}},{"start":{"line":3,"column":66},"end":{"line":3,"column":75}},{"start":{"line":3,"column":79},"end":{"line":3,"column":94}}],"line":3},"2":{"loc":{"start":{"line":9,"column":4},"end":{"line":11,"column":5}},"type":"if","locations":[{"start":{"line":9,"column":4},"end":{"line":11,"column":5}},{"start":{},"end":{}}],"line":9},"3":{"loc":{"start":{"line":15,"column":4},"end":{"line":21,"column":5}},"type":"if","locations":[{"start":{"line":15,"column":4},"end":{"line":21,"column":5}},{"start":{},"end":{}}],"line":15},"4":{"loc":{"start":{"line":26,"column":4},"end":{"line":28,"column":5}},"type":"if","locations":[{"start":{"line":26,"column":4},"end":{"line":28,"column":5}},{"start":{},"end":{}}],"line":26},"5":{"loc":{"start":{"line":26,"column":8},"end":{"line":26,"column":62}},"type":"binary-expr","locations":[{"start":{"line":26,"column":8},"end":{"line":26,"column":14}},{"start":{"line":26,"column":18},"end":{"line":26,"column":30}},{"start":{"line":26,"column":34},"end":{"line":26,"column":43}},{"start":{"line":26,"column":47},"end":{"line":26,"column":62}}],"line":26}},"s":{"0":9,"1":3,"2":6,"3":6,"4":2,"5":4,"6":4,"7":3,"8":1,"9":3,"10":2,"11":1,"12":1},"f":{"0":9,"1":3},"b":{"0":[3,6],"1":[9,8,8,7,7,6],"2":[2,4],"3":[3,1],"4":[2,1],"5":[3,2,2,1]},"_coverageSchema":"1a1c01bbd47fc00a2c39e90264f33305004495a9","hash":"cfa9fd53e963bf35b72da47a4c9d0f6f93a88278"}
}
