TN:
SF:api/services/accommodation.service.js
FN:4,(anonymous_0)
FN:15,(anonymous_1)
FN:32,(anonymous_2)
FN:39,(anonymous_3)
FNF:4
FNH:4
FNDA:3,(anonymous_0)
FNDA:4,(anonymous_1)
FNDA:18,(anonymous_2)
FNDA:15,(anonymous_3)
DA:1,1
DA:5,3
DA:9,3
DA:16,4
DA:17,4
DA:30,3
DA:31,3
DA:33,18
DA:34,18
DA:35,15
DA:36,12
DA:39,15
DA:41,1
DA:45,1
LF:14
LH:14
BRDA:6,0,0,0
BRDA:6,0,1,3
BRDA:6,1,0,3
BRDA:6,1,1,0
BRDA:33,2,0,0
BRDA:33,2,1,18
BRDA:33,3,0,18
BRDA:33,3,1,3
BRDA:34,4,0,3
BRDA:34,4,1,15
BRDA:35,5,0,3
BRDA:35,5,1,12
BRF:12
BRH:9
end_of_record
TN:
SF:api/services/flight.service.js
FN:4,(anonymous_0)
FN:15,(anonymous_1)
FN:33,(anonymous_2)
FN:39,(anonymous_3)
FNF:4
FNH:4
FNDA:3,(anonymous_0)
FNDA:3,(anonymous_1)
FNDA:2,(anonymous_2)
FNDA:6,(anonymous_3)
DA:1,1
DA:5,3
DA:9,3
DA:16,3
DA:17,3
DA:27,3
DA:32,3
DA:33,2
DA:34,2
DA:36,2
DA:37,2
DA:38,2
DA:39,6
DA:42,1
DA:46,1
LF:15
LH:15
BRDA:6,0,0,0
BRDA:6,0,1,3
BRDA:6,1,0,3
BRDA:6,1,1,0
BRF:4
BRH:2
end_of_record
TN:
SF:api/services/photo.service.js
FN:4,(anonymous_0)
FN:10,(anonymous_1)
FNF:2
FNH:2
FNDA:2,(anonymous_0)
FNDA:2,(anonymous_1)
DA:1,1
DA:5,2
DA:11,2
DA:12,2
DA:13,1
DA:15,1
DA:20,1
LF:7
LH:7
BRF:0
BRH:0
end_of_record
TN:
SF:dto/accomodation.dto.js
FN:2,(anonymous_0)
FNF:1
FNH:1
FNDA:20,(anonymous_0)
DA:3,20
DA:4,20
DA:5,20
DA:6,20
DA:7,20
DA:8,20
DA:9,20
DA:10,20
DA:16,1
LF:9
LH:9
BRF:0
BRH:0
end_of_record
TN:
SF:dto/itinerary.dto.js
FN:4,(anonymous_0)
FN:8,(anonymous_1)
FN:13,(anonymous_2)
FN:17,(anonymous_3)
FN:22,(anonymous_4)
FN:42,(anonymous_5)
FN:48,(anonymous_6)
FNF:7
FNH:7
FNDA:6,(anonymous_0)
FNDA:6,(anonymous_1)
FNDA:6,(anonymous_2)
FNDA:12,(anonymous_3)
FNDA:12,(anonymous_4)
FNDA:24,(anonymous_5)
FNDA:24,(anonymous_6)
DA:1,1
DA:5,6
DA:6,6
DA:8,6
DA:14,6
DA:15,6
DA:16,6
DA:17,12
DA:23,12
DA:24,12
DA:29,12
DA:34,12
DA:35,12
DA:36,12
DA:37,12
DA:38,12
DA:43,24
DA:44,24
DA:49,24
DA:50,24
DA:51,24
DA:54,1
LF:22
LH:22
BRF:0
BRH:0
end_of_record
TN:
SF:models/User.model.js
FN:31,(anonymous_0)
FNF:1
FNH:1
FNDA:5,(anonymous_0)
DA:1,2
DA:2,2
DA:4,2
DA:31,2
DA:32,5
DA:33,4
DA:35,5
DA:38,2
DA:40,2
LF:9
LH:9
BRDA:32,0,0,4
BRDA:32,0,1,1
BRF:2
BRH:2
end_of_record
TN:
SF:services/mongoose.service.js
FN:2,(anonymous_0)
FN:6,(anonymous_1)
FN:10,(anonymous_2)
FN:14,(anonymous_3)
FN:18,(anonymous_4)
FN:22,(anonymous_5)
FN:26,(anonymous_6)
FN:30,(anonymous_7)
FNF:8
FNH:8
FNDA:1,(anonymous_0)
FNDA:1,(anonymous_1)
FNDA:1,(anonymous_2)
FNDA:1,(anonymous_3)
FNDA:2,(anonymous_4)
FNDA:1,(anonymous_5)
FNDA:1,(anonymous_6)
FNDA:1,(anonymous_7)
DA:3,1
DA:7,1
DA:11,1
DA:15,1
DA:19,2
DA:23,1
DA:27,1
DA:31,1
DA:35,2
LF:9
LH:9
BRDA:22,0,0,1
BRDA:30,1,0,1
BRF:2
BRH:2
end_of_record
TN:
SF:services/user.service.js
FN:5,(anonymous_0)
FN:9,(anonymous_1)
FN:17,(anonymous_2)
FN:25,(anonymous_3)
FNF:4
FNH:4
FNDA:1,(anonymous_0)
FNDA:3,(anonymous_1)
FNDA:2,(anonymous_2)
FNDA:2,(anonymous_3)
DA:1,1
DA:2,1
DA:6,1
DA:10,3
DA:11,3
DA:13,1
DA:18,2
DA:19,2
DA:21,1
DA:26,2
DA:27,2
DA:29,1
DA:34,1
LF:13
LH:13
BRF:0
BRH:0
end_of_record
TN:
SF:utils/time.js
FN:1,toHoursAndMinutes
FN:8,extractHoursAndMinutes
FN:15,extractYearMonthDay
FNF:3
FNH:3
FNDA:13,toHoursAndMinutes
FNDA:25,extractHoursAndMinutes
FNDA:25,extractYearMonthDay
DA:2,13
DA:3,13
DA:5,13
DA:9,25
DA:10,25
DA:11,25
DA:12,25
DA:16,25
DA:17,25
DA:18,25
DA:19,25
DA:20,25
DA:23,2
LF:13
LH:13
BRF:0
BRH:0
end_of_record
TN:
SF:validators/auth.validators.js
FN:2,(anonymous_0)
FN:25,(anonymous_1)
FNF:2
FNH:2
FNDA:9,(anonymous_0)
FNDA:3,(anonymous_1)
DA:3,9
DA:4,3
DA:8,6
DA:9,6
DA:10,2
DA:14,4
DA:15,4
DA:16,3
DA:22,1
DA:26,3
DA:27,2
DA:29,1
DA:32,1
LF:13
LH:13
BRDA:3,0,0,3
BRDA:3,0,1,6
BRDA:3,1,0,9
BRDA:3,1,1,8
BRDA:3,1,2,8
BRDA:3,1,3,7
BRDA:3,1,4,7
BRDA:3,1,5,6
BRDA:9,2,0,2
BRDA:9,2,1,4
BRDA:15,3,0,3
BRDA:15,3,1,1
BRDA:26,4,0,2
BRDA:26,4,1,1
BRDA:26,5,0,3
BRDA:26,5,1,2
BRDA:26,5,2,2
BRDA:26,5,3,1
BRF:18
BRH:18
end_of_record
